<?xml version="1.0" encoding="UTF-8"?>
<!-- Generated by org.testng.reporters.JUnitReportReporter -->
<testsuite hostname="DESKTOP-NVOFS2N" failures="0" tests="1" name="automation.testsuite.AddClientTest" time="25.528" errors="0" timestamp="2024-03-21T17:00:34 ICT" skipped="0">
  <testcase classname="automation.testsuite.AddClientTest" name="addClientSuccess" time="25.528"/>
  <system-out/>
</testsuite> <!-- automation.testsuite.AddClientTest -->
