<?xml version="1.0" encoding="UTF-8"?>
<!-- Generated by org.testng.reporters.JUnitReportReporter -->
<testsuite hostname="DESKTOP-NVOFS2N" failures="0" tests="1" name="automation.testsuite.Day7_Practice" time="11.016" errors="0" timestamp="2024-01-27T00:05:03 ICT" skipped="0">
  <testcase classname="automation.testsuite.Day7_Practice" name="testBepAnToan" time="11.016"/>
  <system-out/>
</testsuite> <!-- automation.testsuite.Day7_Practice -->
