<?xml version="1.0" encoding="UTF-8"?>
<!-- Generated by org.testng.reporters.JUnitReportReporter -->
<testsuite hostname="DESKTOP-NVOFS2N" failures="0" tests="1" name="automation.testsuite.Day14_btvn" time="58.658" errors="0" timestamp="2024-03-07T13:25:48 ICT" skipped="0">
  <testcase classname="automation.testsuite.Day14_btvn" name="Registersuccess" time="58.658"/>
  <system-out/>
</testsuite> <!-- automation.testsuite.Day14_btvn -->
