<?xml version="1.0" encoding="UTF-8"?>
<!-- Generated by org.testng.reporters.JUnitReportReporter -->
<testsuite hostname="DESKTOP-NVOFS2N" failures="0" tests="1" name="automation.testsuite.Day13_btvnLogin" time="138.268" errors="0" timestamp="2024-03-02T13:29:04 ICT" skipped="0">
  <testcase classname="automation.testsuite.Day13_btvnLogin" name="Loginfail" time="138.268"/>
  <system-out/>
</testsuite> <!-- automation.testsuite.Day13_btvnLogin -->
