<?xml version="1.0" encoding="UTF-8"?>
<!-- Generated by org.testng.reporters.JUnitReportReporter -->
<testsuite hostname="DESKTOP-NVOFS2N" failures="0" tests="1" name="automation.testsuite.Day17_iFrame" time="7.013" errors="0" timestamp="2024-03-16T14:55:05 ICT" skipped="0">
  <testcase classname="automation.testsuite.Day17_iFrame" name="case_DangKyKhongThanhCong_ThieuEmail" time="7.013"/>
  <system-out/>
</testsuite> <!-- automation.testsuite.Day17_iFrame -->
