<?xml version="1.0" encoding="UTF-8"?>
<!-- Generated by org.testng.reporters.JUnitReportReporter -->
<testsuite hostname="DESKTOP-NVOFS2N" failures="0" tests="1" name="automation.testsuite.Day7_Practice" time="16.561" errors="0" timestamp="2024-01-31T10:10:12 ICT" skipped="0">
  <testcase classname="automation.testsuite.Day7_Practice" name="praticeSelector" time="16.561"/>
  <system-out/>
</testsuite> <!-- automation.testsuite.Day7_Practice -->
