<?xml version="1.0" encoding="UTF-8"?>
<!-- Generated by org.testng.reporters.JUnitReportReporter -->
<testsuite hostname="DESKTOP-NVOFS2N" failures="0" tests="1" name="automation.testsuite.Day17_WindownHandle" time="8.542" errors="0" timestamp="2024-03-16T13:50:00 ICT" skipped="0">
  <testcase classname="automation.testsuite.Day17_WindownHandle" name="handleWindownPopup" time="8.542"/>
  <system-out/>
</testsuite> <!-- automation.testsuite.Day17_WindownHandle -->
