<?xml version="1.0" encoding="UTF-8"?>
<!-- Generated by org.testng.reporters.JUnitReportReporter -->
<testsuite hostname="DESKTOP-NVOFS2N" failures="0" tests="4" name="automation.testsuite.Day13_btvnLogin" time="54.328" errors="0" timestamp="2024-03-05T14:45:21 ICT" skipped="0">
  <testcase classname="automation.testsuite.Day13_btvnLogin" name="Loginfail3" time="13.592"/>
  <system-out/>
  <testcase classname="automation.testsuite.Day13_btvnLogin" name="Loginfail1" time="15.485"/>
  <system-out/>
  <testcase classname="automation.testsuite.Day13_btvnLogin" name="LoginSuccessfully" time="12.574"/>
  <system-out/>
  <testcase classname="automation.testsuite.Day13_btvnLogin" name="Loginfail2" time="12.677"/>
  <system-out/>
</testsuite> <!-- automation.testsuite.Day13_btvnLogin -->
