<?xml version="1.0" encoding="UTF-8"?>
<!-- Generated by org.testng.reporters.JUnitReportReporter -->
<testsuite hostname="DESKTOP-NVOFS2N" failures="0" tests="1" name="automation.testsuite.Day12_btvn" time="11.280" errors="0" timestamp="2024-02-29T14:55:29 ICT" skipped="0">
  <testcase classname="automation.testsuite.Day12_btvn" name="btvn12" time="11.280"/>
  <system-out/>
</testsuite> <!-- automation.testsuite.Day12_btvn -->
