<?xml version="1.0" encoding="UTF-8"?>
<!-- Generated by org.testng.reporters.JUnitReportReporter -->
<testsuite hostname="DESKTOP-NVOFS2N" failures="0" tests="1" name="automation.testsuite.Day8_Locator2" time="13.759" errors="0" timestamp="2024-01-31T21:31:31 ICT" skipped="0">
  <testcase classname="automation.testsuite.Day8_Locator2" name="practiceLocator" time="13.759"/>
  <system-out/>
</testsuite> <!-- automation.testsuite.Day8_Locator2 -->
