<?xml version="1.0" encoding="UTF-8"?>
<!-- Generated by org.testng.reporters.JUnitReportReporter -->
<testsuite hostname="DESKTOP-NVOFS2N" failures="0" tests="1" name="automation.testsuite.Day8_btvn" time="12.088" errors="0" timestamp="2024-01-31T22:58:05 ICT" skipped="0">
  <testcase classname="automation.testsuite.Day8_btvn" name="practiceLocator" time="12.088"/>
  <system-out/>
</testsuite> <!-- automation.testsuite.Day8_btvn -->
