<?xml version="1.0" encoding="UTF-8"?>
<!-- Generated by org.testng.reporters.JUnitReportReporter -->
<testsuite hostname="DESKTOP-NVOFS2N" failures="0" tests="1" name="automation.testsuite.Day17_btvn2" time="33.456" errors="0" timestamp="2024-03-17T14:23:35 ICT" skipped="0">
  <testcase classname="automation.testsuite.Day17_btvn2" name="iframechecbox" time="33.456"/>
  <system-out/>
</testsuite> <!-- automation.testsuite.Day17_btvn2 -->
